INFO: MineTweaker: Building registry
INFO: MineTweaker: Sucessfully built item registry
INFO: Adding command minetweaker
INFO: Adding minetweaker command mfr
INFO: Removing 1 recipes
INFO: Removing 1 recipes
INFO: Removing 0 recipes
INFO: Adding recipe for Zombie Head
INFO: Adding recipe for Skeleton Skull
INFO: Adding recipe for Jeweled Apple
INFO: Adding recipe for Necrotic Bone
INFO: Adding recipe for Miniature Red Heart
INFO: Adding recipe for Yellow Heart Canister
INFO: Adding recipe for Miniature Yellow Heart
INFO: Adding recipe for Miniature Green Heart
INFO: Adding recipe for Green Heart Canister
INFO: Adding recipe for Red Heart Canister
INFO: Removing recipe for Red Heart Canister
INFO: Removing recipe for Green Heart Canister
INFO: Removing recipe for Miniature Green Heart
INFO: Removing recipe for Miniature Yellow Heart
INFO: Removing recipe for Yellow Heart Canister
INFO: Removing recipe for Miniature Red Heart
INFO: Removing recipe for Necrotic Bone
INFO: Removing recipe for Jeweled Apple
INFO: Removing recipe for Skeleton Skull
INFO: Removing recipe for Zombie Head
INFO: Restoring 0 recipes
INFO: Restoring 1 recipes
INFO: Restoring 1 recipes
INFO: Removing minetweaker command mfr
INFO: Removing command minetweaker
INFO: Adding command minetweaker
INFO: Adding minetweaker command mfr
INFO: Removing 1 recipes
INFO: Removing 1 recipes
INFO: Removing 0 recipes
INFO: Adding recipe for Zombie Head
INFO: Adding recipe for Skeleton Skull
INFO: Adding recipe for Tank
INFO: Adding recipe for Jeweled Apple
INFO: Adding recipe for Necrotic Bone
INFO: Adding recipe for Miniature Red Heart
INFO: Adding recipe for Yellow Heart Canister
INFO: Adding recipe for Miniature Yellow Heart
INFO: Adding recipe for Miniature Green Heart
INFO: Adding recipe for Green Heart Canister
INFO: Adding recipe for Red Heart Canister
INFO: Removing recipe for Red Heart Canister
INFO: Removing recipe for Green Heart Canister
INFO: Removing recipe for Miniature Green Heart
INFO: Removing recipe for Miniature Yellow Heart
INFO: Removing recipe for Yellow Heart Canister
INFO: Removing recipe for Miniature Red Heart
INFO: Removing recipe for Necrotic Bone
INFO: Removing recipe for Jeweled Apple
INFO: Removing recipe for Tank
INFO: Removing recipe for Skeleton Skull
INFO: Removing recipe for Zombie Head
INFO: Restoring 0 recipes
INFO: Restoring 1 recipes
INFO: Restoring 1 recipes
INFO: Removing minetweaker command mfr
INFO: Removing command minetweaker
INFO: Adding command minetweaker
INFO: Adding minetweaker command mfr
INFO: Removing 1 recipes
INFO: Removing 1 recipes
INFO: Removing 0 recipes
INFO: Adding recipe for Zombie Head
INFO: Adding recipe for Skeleton Skull
INFO: Adding recipe for Slime Channel
INFO: Adding recipe for Tank
INFO: Adding recipe for Jeweled Apple
INFO: Adding recipe for Necrotic Bone
INFO: Adding recipe for Miniature Red Heart
INFO: Adding recipe for Yellow Heart Canister
INFO: Adding recipe for Miniature Yellow Heart
INFO: Adding recipe for Miniature Green Heart
INFO: Adding recipe for Green Heart Canister
INFO: Adding recipe for Red Heart Canister
INFO: Removing recipe for Red Heart Canister
INFO: Removing recipe for Green Heart Canister
INFO: Removing recipe for Miniature Green Heart
INFO: Removing recipe for Miniature Yellow Heart
INFO: Removing recipe for Yellow Heart Canister
INFO: Removing recipe for Miniature Red Heart
INFO: Removing recipe for Necrotic Bone
INFO: Removing recipe for Jeweled Apple
INFO: Removing recipe for Tank
INFO: Removing recipe for Slime Channel
INFO: Removing recipe for Skeleton Skull
INFO: Removing recipe for Zombie Head
INFO: Restoring 0 recipes
INFO: Restoring 1 recipes
INFO: Restoring 1 recipes
INFO: Removing minetweaker command mfr
INFO: Removing command minetweaker
INFO: Adding command minetweaker
INFO: Adding minetweaker command mfr
INFO: Removing 1 recipes
INFO: Removing 1 recipes
INFO: Removing 0 recipes
INFO: Adding recipe for Slime Channel
INFO: Adding recipe for Zombie Head
INFO: Adding recipe for Skeleton Skull
INFO: Adding recipe for Slime Channel
INFO: Adding recipe for Tank
INFO: Adding recipe for Jeweled Apple
INFO: Adding recipe for Necrotic Bone
INFO: Adding recipe for Miniature Red Heart
INFO: Adding recipe for Yellow Heart Canister
INFO: Adding recipe for Miniature Yellow Heart
INFO: Adding recipe for Miniature Green Heart
INFO: Adding recipe for Green Heart Canister
INFO: Adding recipe for Red Heart Canister
